2025-05-28 15:04:12,383 - TemperatureDaemon - INFO - Daemon started
2025-05-28 15:04:12,429 - TemperatureDaemon - INFO - CPU Temperature: 47.2°C
2025-05-28 15:04:17,496 - TemperatureDaemon - INFO - CPU Temperature: 47.6°C
2025-05-28 15:04:22,564 - TemperatureDaemon - INFO - CPU Temperature: 47.5°C
2025-05-28 15:04:27,632 - TemperatureDaemon - INFO - CPU Temperature: 47.5°C
2025-05-28 15:04:32,697 - TemperatureDaemon - INFO - CPU Temperature: 47.5°C
2025-05-28 15:04:37,762 - TemperatureDaemon - INFO - CPU Temperature: 47.5°C
2025-05-28 15:04:42,831 - TemperatureDaemon - INFO - CPU Temperature: 47.6°C
2025-05-28 15:04:47,863 - TemperatureDaemon - INFO - CPU Temperature: 47.6°C
2025-05-28 15:04:52,927 - TemperatureDaemon - INFO - CPU Temperature: 47.6°C
2025-05-28 15:04:57,993 - TemperatureDaemon - INFO - CPU Temperature: 47.6°C
2025-05-28 15:04:59,047 - TemperatureDaemon - INFO - Received signal 15, shutting down...
2025-05-28 15:05:02,994 - TemperatureDaemon - INFO - Daemon stopped2025-05-28 15:06:17,142 - TemperatureDaemon - INFO - Daemon started
2025-05-28 15:06:17,193 - TemperatureDaemon - INFO - CPU Temperature: 47.6°C
2025-05-28 15:06:22,261 - TemperatureDaemon - INFO - CPU Temperature: 47.5°C
2025-05-28 15:06:27,326 - TemperatureDaemon - INFO - CPU Temperature: 47.5°C
2025-05-28 15:06:30,368 - TemperatureDaemon - INFO - Received signal 15, shutting down...
2025-05-28 15:06:32,326 - TemperatureDaemon - INFO - Daemon stopped
2025-05-28 15:06:35,370 - TemperatureDaemon - INFO - Daemon started
2025-05-28 15:06:35,440 - TemperatureDaemon - INFO - CPU Temperature: 47.6°C
2025-05-28 15:06:40,470 - TemperatureDaemon - INFO - CPU Temperature: 47.5°C
2025-05-28 15:06:45,536 - TemperatureDaemon - INFO - CPU Temperature: 47.6°C
2025-05-28 15:06:50,603 - TemperatureDaemon - INFO - CPU Temperature: 47.6°C
2025-05-28 15:06:55,671 - TemperatureDaemon - INFO - CPU Temperature: 47.5°C
2025-05-28 15:07:00,740 - TemperatureDaemon - INFO - CPU Temperature: 47.5°C
2025-05-28 15:07:05,805 - TemperatureDaemon - INFO - CPU Temperature: 47.8°C
2025-05-28 15:07:10,915 - TemperatureDaemon - INFO - CPU Temperature: 95.4°C
2025-05-28 15:07:10,915 - TemperatureDaemon - WARNING - Temperature threshold exceeded: 95.4°C > 65°C
2025-05-28 15:07:20,948 - TemperatureDaemon - INFO - CPU Temperature: 95.5°C
2025-05-28 15:07:20,948 - TemperatureDaemon - WARNING - Temperature threshold exceeded: 95.5°C > 65°C
2025-05-28 15:07:30,961 - TemperatureDaemon - INFO - CPU Temperature: 75.2°C
2025-05-28 15:07:30,961 - TemperatureDaemon - WARNING - Temperature threshold exceeded: 75.2°C > 65°C
2025-05-28 15:07:40,963 - TemperatureDaemon - INFO - CPU Temperature: 54.6°C
2025-05-28 15:07:46,031 - TemperatureDaemon - INFO - CPU Temperature: 51.1°C
2025-05-28 15:07:51,096 - TemperatureDaemon - INFO - CPU Temperature: 49.4°C
2025-05-28 15:07:56,162 - TemperatureDaemon - INFO - CPU Temperature: 48.5°C
2025-05-28 15:08:00,976 - TemperatureDaemon - INFO - Received signal 15, shutting down...
2025-05-28 15:08:01,162 - TemperatureDaemon - INFO - Daemon stopped
2025-05-28 15:14:44,849 - TemperatureDaemon - INFO - Daemon started
2025-05-28 15:14:44,876 - TemperatureDaemon - INFO - CPU Temperature: 54.2°C
2025-05-28 15:14:49,905 - TemperatureDaemon - INFO - CPU Temperature: 49.9°C
2025-05-28 15:14:54,996 - TemperatureDaemon - INFO - CPU Temperature: 58.2°C
2025-05-28 15:15:00,576 - TemperatureDaemon - INFO - CPU Temperature: 51.4°C
2025-05-28 15:15:05,641 - TemperatureDaemon - INFO - CPU Temperature: 67.4°C
2025-05-28 15:15:05,641 - TemperatureDaemon - WARNING - Temperature threshold exceeded: 67.4°C > 65°C
2025-05-28 15:15:15,681 - TemperatureDaemon - INFO - CPU Temperature: 52.1°C
2025-05-28 15:15:20,746 - TemperatureDaemon - INFO - CPU Temperature: 48.8°C
2025-05-28 15:15:25,813 - TemperatureDaemon - INFO - CPU Temperature: 46.8°C
2025-05-28 15:15:30,829 - TemperatureDaemon - INFO - CPU Temperature: 48.8°C
2025-05-28 15:15:35,893 - TemperatureDaemon - INFO - CPU Temperature: 49.4°C
2025-05-28 15:15:40,963 - TemperatureDaemon - INFO - CPU Temperature: 47.2°C
2025-05-28 15:15:46,028 - TemperatureDaemon - INFO - CPU Temperature: 46.1°C
2025-05-28 15:15:51,056 - TemperatureDaemon - INFO - CPU Temperature: 46.9°C
2025-05-28 15:15:56,121 - TemperatureDaemon - INFO - CPU Temperature: 46.8°C
2025-05-28 15:16:01,187 - TemperatureDaemon - INFO - CPU Temperature: 45.9°C
2025-05-28 15:16:06,253 - TemperatureDaemon - INFO - CPU Temperature: 45.4°C
2025-05-28 15:16:11,320 - TemperatureDaemon - INFO - CPU Temperature: 45.1°C
2025-05-28 15:16:16,385 - TemperatureDaemon - INFO - CPU Temperature: 46.0°C
2025-05-28 15:16:21,449 - TemperatureDaemon - INFO - CPU Temperature: 45.8°C
2025-05-28 15:16:26,516 - TemperatureDaemon - INFO - CPU Temperature: 45.4°C
2025-05-28 15:16:31,580 - TemperatureDaemon - INFO - CPU Temperature: 45.9°C
2025-05-28 15:16:36,645 - TemperatureDaemon - INFO - CPU Temperature: 46.1°C
2025-05-28 15:16:41,698 - TemperatureDaemon - INFO - CPU Temperature: 46.1°C
2025-05-28 15:16:46,763 - TemperatureDaemon - INFO - CPU Temperature: 46.1°C
2025-05-28 15:16:51,828 - TemperatureDaemon - INFO - CPU Temperature: 46.1°C
2025-05-28 15:16:56,893 - TemperatureDaemon - INFO - CPU Temperature: 46.1°C
2025-05-28 15:17:01,957 - TemperatureDaemon - INFO - CPU Temperature: 46.1°C
2025-05-28 15:17:07,024 - TemperatureDaemon - INFO - CPU Temperature: 46.2°C
2025-05-28 15:17:12,092 - TemperatureDaemon - INFO - CPU Temperature: 46.2°C
2025-05-28 15:17:17,156 - TemperatureDaemon - INFO - CPU Temperature: 46.2°C
2025-05-28 15:17:22,225 - TemperatureDaemon - INFO - CPU Temperature: 46.2°C
2025-05-28 15:17:27,292 - TemperatureDaemon - INFO - CPU Temperature: 46.2°C
2025-05-28 15:17:32,357 - TemperatureDaemon - INFO - CPU Temperature: 46.2°C
2025-05-28 15:17:37,422 - TemperatureDaemon - INFO - CPU Temperature: 46.2°C
2025-05-28 15:17:42,489 - TemperatureDaemon - INFO - CPU Temperature: 46.1°C
2025-05-28 15:17:47,554 - TemperatureDaemon - INFO - CPU Temperature: 45.5°C
2025-05-28 15:17:52,622 - TemperatureDaemon - INFO - CPU Temperature: 46.4°C
2025-05-28 15:17:57,652 - TemperatureDaemon - INFO - CPU Temperature: 46.1°C
2025-05-28 15:18:02,680 - TemperatureDaemon - INFO - CPU Temperature: 50.9°C
2025-05-28 15:18:07,746 - TemperatureDaemon - INFO - CPU Temperature: 48.1°C
2025-05-28 15:18:12,817 - TemperatureDaemon - INFO - CPU Temperature: 46.8°C
2025-05-28 15:18:17,883 - TemperatureDaemon - INFO - CPU Temperature: 46.0°C
2025-05-28 15:18:22,912 - TemperatureDaemon - INFO - CPU Temperature: 45.9°C
2025-05-28 15:18:27,978 - TemperatureDaemon - INFO - CPU Temperature: 45.8°C
2025-05-28 15:18:33,043 - TemperatureDaemon - INFO - CPU Temperature: 45.8°C
2025-05-28 15:18:38,109 - TemperatureDaemon - INFO - CPU Temperature: 45.4°C
2025-05-28 15:18:43,177 - TemperatureDaemon - INFO - CPU Temperature: 45.4°C
2025-05-28 15:18:48,241 - TemperatureDaemon - INFO - CPU Temperature: 45.9°C
2025-05-28 15:18:53,305 - TemperatureDaemon - INFO - CPU Temperature: 46.2°C
2025-05-28 15:18:58,370 - TemperatureDaemon - INFO - CPU Temperature: 46.1°C
2025-05-28 15:19:03,399 - TemperatureDaemon - INFO - CPU Temperature: 45.9°C
2025-05-28 15:19:08,464 - TemperatureDaemon - INFO - CPU Temperature: 45.5°C
2025-05-28 15:19:13,530 - TemperatureDaemon - INFO - CPU Temperature: 45.6°C
2025-05-28 15:19:18,595 - TemperatureDaemon - INFO - CPU Temperature: 46.1°C
2025-05-28 15:19:23,623 - TemperatureDaemon - INFO - CPU Temperature: 45.9°C
2025-05-28 15:19:28,688 - TemperatureDaemon - INFO - CPU Temperature: 45.6°C
2025-05-28 15:19:29,532 - TemperatureDaemon - INFO - Received signal 15, shutting down...
2025-05-28 15:19:33,688 - TemperatureDaemon - INFO - Daemon stopped
2025-05-28 16:32:28,679 - TemperatureDaemon - INFO - Daemon started
2025-05-28 16:32:28,706 - TemperatureDaemon - INFO - CPU Temperature: 54.4°C
2025-05-28 16:32:33,733 - TemperatureDaemon - INFO - CPU Temperature: 50.6°C
2025-05-28 16:32:38,761 - TemperatureDaemon - INFO - CPU Temperature: 54.0°C
2025-05-28 16:32:43,826 - TemperatureDaemon - INFO - CPU Temperature: 49.9°C
2025-05-28 16:32:48,891 - TemperatureDaemon - INFO - CPU Temperature: 47.6°C
2025-05-28 16:32:53,962 - TemperatureDaemon - INFO - CPU Temperature: 46.4°C
2025-05-28 16:32:59,035 - TemperatureDaemon - INFO - CPU Temperature: 45.9°C
2025-05-28 16:33:04,107 - TemperatureDaemon - INFO - CPU Temperature: 45.6°C
2025-05-28 16:33:09,125 - TemperatureDaemon - INFO - CPU Temperature: 45.4°C
2025-05-28 16:33:14,198 - TemperatureDaemon - INFO - CPU Temperature: 45.5°C
2025-05-28 16:33:19,264 - TemperatureDaemon - INFO - CPU Temperature: 45.4°C
